The target system is: Emscripten - 1 - x86
The host system is: Linux - 5.4.0-113-generic - x86_64
Performing C SOURCE FILE Test CMAKE_HAVE_LIBC_PTHREAD succeeded with the following output:
Change Dir: /work/build-emscripten/CMakeFiles/CMakeTmp

Run Build Command(s):/usr/bin/ninja cmTC_b5396 && [1/2] Building C object CMakeFiles/cmTC_b5396.dir/src.c.o
[2/2] Linking C executable cmTC_b5396.js
cache:INFO: generating system asset: symbol_lists/3efd5457f06d9bce05d21ef8b080d3b03ed3dfb2.json... (this will be cached in "/emsdk/upstream/emscripten/cache/symbol_lists/3efd5457f06d9bce05d21ef8b080d3b03ed3dfb2.json" for subsequent builds)
cache:INFO:  - ok


Source file was:
#include <pthread.h>

static void* test_func(void* data)
{
  return data;
}

int main(void)
{
  pthread_t thread;
  pthread_create(&thread, NULL, test_func, NULL);
  pthread_detach(thread);
  pthread_cancel(thread);
  pthread_join(thread, NULL);
  pthread_atfork(NULL, NULL, NULL);
  pthread_exit(NULL);

  return 0;
}

