The target system is: Emscripten - 1 - x86
The host system is: Linux - 5.4.0-113-generic - x86_64
Performing C SOURCE FILE Test vtk_have_compiler_flag_Weverything succeeded with the following output:
Change Dir: /work/build-vtk-wasm-2/CMakeFiles/CMakeTmp

Run Build Command(s):/usr/bin/ninja cmTC_5f49c && [1/2] Building C object CMakeFiles/cmTC_5f49c.dir/src.c.o
[2/2] Linking C executable cmTC_5f49c.js


Source file was:
int main(void) { return 0; }
Checking whether wstring is available compiled with the following output:
Change Dir: /work/build-vtk-wasm-2/Utilities/KWSys/vtksys/CMakeFiles/CMakeTmp

Run Build Command(s):/usr/bin/ninja cmTC_7aaac && [1/2] Building CXX object CMakeFiles/cmTC_7aaac.dir/kwsysPlatformTestsCXX.cxx.o
[2/2] Linking CXX executable cmTC_7aaac.js



Checking whether C compiler has ptrdiff_t in stddef.h compiled with the following output:
Change Dir: /work/build-vtk-wasm-2/Utilities/KWSys/vtksys/CMakeFiles/CMakeTmp

Run Build Command(s):/usr/bin/ninja cmTC_34d23 && [1/2] Building C object CMakeFiles/cmTC_34d23.dir/kwsysPlatformTestsC.c.o
[2/2] Linking C executable cmTC_34d23.js



Checking whether C compiler has ssize_t in unistd.h compiled with the following output:
Change Dir: /work/build-vtk-wasm-2/Utilities/KWSys/vtksys/CMakeFiles/CMakeTmp

Run Build Command(s):/usr/bin/ninja cmTC_e1a69 && [1/2] Building C object CMakeFiles/cmTC_e1a69.dir/kwsysPlatformTestsC.c.o
[2/2] Linking C executable cmTC_e1a69.js



Checking whether C compiler has clock_gettime compiled with the following output:
Change Dir: /work/build-vtk-wasm-2/Utilities/KWSys/vtksys/CMakeFiles/CMakeTmp

Run Build Command(s):/usr/bin/ninja cmTC_fde66 && [1/2] Building C object CMakeFiles/cmTC_fde66.dir/kwsysPlatformTestsC.c.o
[2/2] Linking C executable cmTC_fde66.js



Checking whether CXX compiler has setenv compiled with the following output:
Change Dir: /work/build-vtk-wasm-2/Utilities/KWSys/vtksys/CMakeFiles/CMakeTmp

Run Build Command(s):/usr/bin/ninja cmTC_c30c2 && [1/2] Building CXX object CMakeFiles/cmTC_c30c2.dir/kwsysPlatformTestsCXX.cxx.o
[2/2] Linking CXX executable cmTC_c30c2.js



Checking whether CXX compiler has unsetenv compiled with the following output:
Change Dir: /work/build-vtk-wasm-2/Utilities/KWSys/vtksys/CMakeFiles/CMakeTmp

Run Build Command(s):/usr/bin/ninja cmTC_1eb7b && [1/2] Building CXX object CMakeFiles/cmTC_1eb7b.dir/kwsysPlatformTestsCXX.cxx.o
[2/2] Linking CXX executable cmTC_1eb7b.js



Checking whether CXX compiler has utimes compiled with the following output:
Change Dir: /work/build-vtk-wasm-2/Utilities/KWSys/vtksys/CMakeFiles/CMakeTmp

Run Build Command(s):/usr/bin/ninja cmTC_dbb36 && [1/2] Building CXX object CMakeFiles/cmTC_dbb36.dir/kwsysPlatformTestsCXX.cxx.o
[2/2] Linking CXX executable cmTC_dbb36.js



Checking whether CXX compiler has utimensat compiled with the following output:
Change Dir: /work/build-vtk-wasm-2/Utilities/KWSys/vtksys/CMakeFiles/CMakeTmp

Run Build Command(s):/usr/bin/ninja cmTC_692fc && [1/2] Building CXX object CMakeFiles/cmTC_692fc.dir/kwsysPlatformTestsCXX.cxx.o
[2/2] Linking CXX executable cmTC_692fc.js



Checking whether CXX compiler struct stat has st_mtim member compiled with the following output:
Change Dir: /work/build-vtk-wasm-2/Utilities/KWSys/vtksys/CMakeFiles/CMakeTmp

Run Build Command(s):/usr/bin/ninja cmTC_5d12d && [1/2] Building CXX object CMakeFiles/cmTC_5d12d.dir/kwsysPlatformTestsCXX.cxx.o
[2/2] Linking CXX executable cmTC_5d12d.js



Determining if files sys/types.h;ifaddrs.h exist passed with the following output:
Change Dir: /work/build-vtk-wasm-2/CMakeFiles/CMakeTmp

Run Build Command(s):/usr/bin/ninja cmTC_ebe6e && [1/2] Building C object CMakeFiles/cmTC_ebe6e.dir/KWSYS_SYS_HAS_IFADDRS_H.c.o
[2/2] Linking C executable cmTC_ebe6e.js



Checking whether CXX compiler has rlimit64 compiled with the following output:
Change Dir: /work/build-vtk-wasm-2/Utilities/KWSys/vtksys/CMakeFiles/CMakeTmp

Run Build Command(s):/usr/bin/ninja cmTC_bd02c && [1/2] Building CXX object CMakeFiles/cmTC_bd02c.dir/kwsysPlatformTestsCXX.cxx.o
[2/2] Linking CXX executable cmTC_bd02c.js



Checking whether CXX compiler has getloadavg compiled with the following output:
Change Dir: /work/build-vtk-wasm-2/Utilities/KWSys/vtksys/CMakeFiles/CMakeTmp

Run Build Command(s):/usr/bin/ninja cmTC_5f417 && [1/2] Building CXX object CMakeFiles/cmTC_5f417.dir/kwsysPlatformTestsCXX.cxx.o
[2/2] Linking CXX executable cmTC_5f417.js



Determining if the C++ compiler supports __atomic_add_fetch builtin completed with the following output:
Change Dir: /work/build-vtk-wasm-2/Common/Core/CMakeTmp/Sync/CMakeFiles/CMakeTmp

Run Build Command(s):/usr/bin/ninja cmTC_9668d && [1/2] Building CXX object CMakeFiles/cmTC_9668d.dir/vtkTestSyncBuiltins.cxx.o
[2/2] Linking CXX executable cmTC_9668d.js


Performing C SOURCE FILE Test CMAKE_HAVE_LIBC_PTHREAD succeeded with the following output:
Change Dir: /work/build-vtk-wasm-2/CMakeFiles/CMakeTmp

Run Build Command(s):/usr/bin/ninja cmTC_75265 && [1/2] Building C object CMakeFiles/cmTC_75265.dir/src.c.o
[2/2] Linking C executable cmTC_75265.js


Source file was:
#include <pthread.h>

static void* test_func(void* data)
{
  return data;
}

int main(void)
{
  pthread_t thread;
  pthread_create(&thread, NULL, test_func, NULL);
  pthread_detach(thread);
  pthread_cancel(thread);
  pthread_join(thread, NULL);
  pthread_atfork(NULL, NULL, NULL);
  pthread_exit(NULL);

  return 0;
}

Performing C++ SOURCE FILE Test VTK_HAS_STD_ISNAN succeeded with the following output:
Change Dir: /work/build-vtk-wasm-2/CMakeFiles/CMakeTmp

Run Build Command(s):/usr/bin/ninja cmTC_c5615 && [1/2] Building CXX object CMakeFiles/cmTC_c5615.dir/src.cxx.o
[2/2] Linking CXX executable cmTC_c5615.js


Source file was:
/* CHECK_CXX_EXPRESSION_COMPILES */
#include <cmath>

int main()
{
  static_cast<void>(std::isnan(0.0));

  return 0;
}

Performing C++ SOURCE FILE Test VTK_HAS_STD_ISINF succeeded with the following output:
Change Dir: /work/build-vtk-wasm-2/CMakeFiles/CMakeTmp

Run Build Command(s):/usr/bin/ninja cmTC_e4195 && [1/2] Building CXX object CMakeFiles/cmTC_e4195.dir/src.cxx.o
[2/2] Linking CXX executable cmTC_e4195.js


Source file was:
/* CHECK_CXX_EXPRESSION_COMPILES */
#include <cmath>

int main()
{
  static_cast<void>(std::isinf(0.0));

  return 0;
}

Performing C++ SOURCE FILE Test VTK_HAS_STD_ISFINITE succeeded with the following output:
Change Dir: /work/build-vtk-wasm-2/CMakeFiles/CMakeTmp

Run Build Command(s):/usr/bin/ninja cmTC_7ccd6 && [1/2] Building CXX object CMakeFiles/cmTC_7ccd6.dir/src.cxx.o
[2/2] Linking CXX executable cmTC_7ccd6.js


Source file was:
/* CHECK_CXX_EXPRESSION_COMPILES */
#include <cmath>

int main()
{
  static_cast<void>(std::isfinite(0.0));

  return 0;
}

Determining if the isnan exist passed with the following output:
Change Dir: /work/build-vtk-wasm-2/CMakeFiles/CMakeTmp

Run Build Command(s):/usr/bin/ninja cmTC_efba6 && [1/2] Building C object CMakeFiles/cmTC_efba6.dir/CheckSymbolExists.c.o
[2/2] Linking C executable cmTC_efba6.js


File /work/build-vtk-wasm-2/CMakeFiles/CMakeTmp/CheckSymbolExists.c:
/* */
#include <math.h>

int main(int argc, char** argv)
{
  (void)argv;
#ifndef isnan
  return ((int*)(&isnan))[argc];
#else
  (void)argc;
  return 0;
#endif
}
Determining if the isinf exist passed with the following output:
Change Dir: /work/build-vtk-wasm-2/CMakeFiles/CMakeTmp

Run Build Command(s):/usr/bin/ninja cmTC_1016c && [1/2] Building C object CMakeFiles/cmTC_1016c.dir/CheckSymbolExists.c.o
[2/2] Linking C executable cmTC_1016c.js


File /work/build-vtk-wasm-2/CMakeFiles/CMakeTmp/CheckSymbolExists.c:
/* */
#include <math.h>

int main(int argc, char** argv)
{
  (void)argv;
#ifndef isinf
  return ((int*)(&isinf))[argc];
#else
  (void)argc;
  return 0;
#endif
}
Determining if the isfinite exist passed with the following output:
Change Dir: /work/build-vtk-wasm-2/CMakeFiles/CMakeTmp

Run Build Command(s):/usr/bin/ninja cmTC_ba511 && [1/2] Building C object CMakeFiles/cmTC_ba511.dir/CheckSymbolExists.c.o
[2/2] Linking C executable cmTC_ba511.js


File /work/build-vtk-wasm-2/CMakeFiles/CMakeTmp/CheckSymbolExists.c:
/* */
#include <math.h>

int main(int argc, char** argv)
{
  (void)argv;
#ifndef isfinite
  return ((int*)(&isfinite))[argc];
#else
  (void)argc;
  return 0;
#endif
}
Determining if the finite exist passed with the following output:
Change Dir: /work/build-vtk-wasm-2/CMakeFiles/CMakeTmp

Run Build Command(s):/usr/bin/ninja cmTC_db0be && [1/2] Building C object CMakeFiles/cmTC_db0be.dir/CheckSymbolExists.c.o
[2/2] Linking C executable cmTC_db0be.js


File /work/build-vtk-wasm-2/CMakeFiles/CMakeTmp/CheckSymbolExists.c:
/* */
#include <math.h>

int main(int argc, char** argv)
{
  (void)argv;
#ifndef finite
  return ((int*)(&finite))[argc];
#else
  (void)argc;
  return 0;
#endif
}
Determining if the include file fenv.h exists passed with the following output:
Change Dir: /work/build-vtk-wasm-2/CMakeFiles/CMakeTmp

Run Build Command(s):/usr/bin/ninja cmTC_37d54 && [1/2] Building C object CMakeFiles/cmTC_37d54.dir/CheckIncludeFile.c.o
[2/2] Linking C executable cmTC_37d54.js



Determining if the include file cxxabi.h exists passed with the following output:
Change Dir: /work/build-vtk-wasm-2/CMakeFiles/CMakeTmp

Run Build Command(s):/usr/bin/ninja cmTC_f4714 && [1/2] Building CXX object CMakeFiles/cmTC_f4714.dir/CheckIncludeFile.cxx.o
[2/2] Linking CXX executable cmTC_f4714.js



Determining if the abi::__cxa_demangle exist passed with the following output:
Change Dir: /work/build-vtk-wasm-2/CMakeFiles/CMakeTmp

Run Build Command(s):/usr/bin/ninja cmTC_65d6d && [1/2] Building CXX object CMakeFiles/cmTC_65d6d.dir/CheckSymbolExists.cxx.o
[2/2] Linking CXX executable cmTC_65d6d.js


File /work/build-vtk-wasm-2/CMakeFiles/CMakeTmp/CheckSymbolExists.cxx:
/* */
#include <cxxabi.h>

int main(int argc, char** argv)
{
  (void)argv;
  return ((int*)(&abi::__cxa_demangle))[argc];
}
Performing C++ SOURCE FILE Test COMPILER_HAS_HIDDEN_VISIBILITY succeeded with the following output:
Change Dir: /work/build-vtk-wasm-2/CMakeFiles/CMakeTmp

Run Build Command(s):/usr/bin/ninja cmTC_f8c75 && [1/2] Building CXX object CMakeFiles/cmTC_f8c75.dir/src.cxx.o
[2/2] Linking CXX executable cmTC_f8c75.js


Source file was:
int main() { return 0; }
Performing C++ SOURCE FILE Test COMPILER_HAS_HIDDEN_INLINE_VISIBILITY succeeded with the following output:
Change Dir: /work/build-vtk-wasm-2/CMakeFiles/CMakeTmp

Run Build Command(s):/usr/bin/ninja cmTC_42ecc && [1/2] Building CXX object CMakeFiles/cmTC_42ecc.dir/src.cxx.o
[2/2] Linking CXX executable cmTC_42ecc.js


Source file was:
int main() { return 0; }
Performing C++ SOURCE FILE Test COMPILER_HAS_DEPRECATED_ATTR succeeded with the following output:
Change Dir: /work/build-vtk-wasm-2/CMakeFiles/CMakeTmp

Run Build Command(s):/usr/bin/ninja cmTC_0e799 && [1/2] Building CXX object CMakeFiles/cmTC_0e799.dir/src.cxx.o
/work/build-vtk-wasm-2/CMakeFiles/CMakeTmp/src.cxx:2:25: warning: 'somefunc' is deprecated [-Wdeprecated-declarations]
    int main() { return somefunc();}
                        ^
/work/build-vtk-wasm-2/CMakeFiles/CMakeTmp/src.cxx:1:16: note: 'somefunc' has been explicitly marked deprecated here
__attribute__((__deprecated__)) int somefunc() { return 0; }
               ^
1 warning generated.
[2/2] Linking CXX executable cmTC_0e799.js


Source file was:
__attribute__((__deprecated__)) int somefunc() { return 0; }
    int main() { return somefunc();}
Performing C++ SOURCE FILE Test has_std_11_flag succeeded with the following output:
Change Dir: /work/build-vtk-wasm-2/CMakeFiles/CMakeTmp

Run Build Command(s):/usr/bin/ninja cmTC_18b35 && [1/2] Building CXX object CMakeFiles/cmTC_18b35.dir/src.cxx.o
[2/2] Linking CXX executable cmTC_18b35.js


Source file was:
int main() { return 0; }
Performing C++ SOURCE FILE Test has_std_0x_flag succeeded with the following output:
Change Dir: /work/build-vtk-wasm-2/CMakeFiles/CMakeTmp

Run Build Command(s):/usr/bin/ninja cmTC_21d4a && [1/2] Building CXX object CMakeFiles/cmTC_21d4a.dir/src.cxx.o
[2/2] Linking CXX executable cmTC_21d4a.js


Source file was:
int main() { return 0; }
Determining if the include file sys/types.h exists passed with the following output:
Change Dir: /work/build-vtk-wasm-2/CMakeFiles/CMakeTmp

Run Build Command(s):/usr/bin/ninja cmTC_e02f3 && [1/2] Building C object CMakeFiles/cmTC_e02f3.dir/CheckIncludeFile.c.o
[2/2] Linking C executable cmTC_e02f3.js



Determining if the include file stdint.h exists passed with the following output:
Change Dir: /work/build-vtk-wasm-2/CMakeFiles/CMakeTmp

Run Build Command(s):/usr/bin/ninja cmTC_37052 && [1/2] Building C object CMakeFiles/cmTC_37052.dir/CheckIncludeFile.c.o
[2/2] Linking C executable cmTC_37052.js



Determining if the include file stddef.h exists passed with the following output:
Change Dir: /work/build-vtk-wasm-2/CMakeFiles/CMakeTmp

Run Build Command(s):/usr/bin/ninja cmTC_1a2ce && [1/2] Building C object CMakeFiles/cmTC_1a2ce.dir/CheckIncludeFile.c.o
[2/2] Linking C executable cmTC_1a2ce.js



Determining size of off64_t passed with the following output:
Change Dir: /work/build-vtk-wasm-2/CMakeFiles/CMakeTmp

Run Build Command(s):/usr/bin/ninja cmTC_07c3f && [1/2] Building C object CMakeFiles/cmTC_07c3f.dir/OFF64_T.c.o
[2/2] Linking C executable cmTC_07c3f.js



Determining if the include file unistd.h exists passed with the following output:
Change Dir: /work/build-vtk-wasm-2/CMakeFiles/CMakeTmp

Run Build Command(s):/usr/bin/ninja cmTC_411e4 && [1/2] Building C object CMakeFiles/cmTC_411e4.dir/CheckIncludeFile.c.o
[2/2] Linking C executable cmTC_411e4.js



Determining if the include file fcntl.h exists passed with the following output:
Change Dir: /work/build-vtk-wasm-2/CMakeFiles/CMakeTmp

Run Build Command(s):/usr/bin/ninja cmTC_55263 && [1/2] Building C object CMakeFiles/cmTC_55263.dir/CheckIncludeFile.c.o
[2/2] Linking C executable cmTC_55263.js



Determining if the include file unistd.h exists passed with the following output:
Change Dir: /work/build-vtk-wasm-2/CMakeFiles/CMakeTmp

Run Build Command(s):/usr/bin/ninja cmTC_7e590 && [1/2] Building C object CMakeFiles/cmTC_7e590.dir/CheckIncludeFile.c.o
[2/2] Linking C executable cmTC_7e590.js



Determining if the memset exist passed with the following output:
Change Dir: /work/build-vtk-wasm-2/CMakeFiles/CMakeTmp

Run Build Command(s):/usr/bin/ninja cmTC_34328 && [1/2] Building C object CMakeFiles/cmTC_34328.dir/CheckSymbolExists.c.o
[2/2] Linking C executable cmTC_34328.js


File /work/build-vtk-wasm-2/CMakeFiles/CMakeTmp/CheckSymbolExists.c:
/* */
#include <string.h>

int main(int argc, char** argv)
{
  (void)argv;
#ifndef memset
  return ((int*)(&memset))[argc];
#else
  (void)argc;
  return 0;
#endif
}
Determining if the memcpy exist passed with the following output:
Change Dir: /work/build-vtk-wasm-2/CMakeFiles/CMakeTmp

Run Build Command(s):/usr/bin/ninja cmTC_6a963 && [1/2] Building C object CMakeFiles/cmTC_6a963.dir/CheckSymbolExists.c.o
[2/2] Linking C executable cmTC_6a963.js


File /work/build-vtk-wasm-2/CMakeFiles/CMakeTmp/CheckSymbolExists.c:
/* */
#include <string.h>

int main(int argc, char** argv)
{
  (void)argv;
#ifndef memcpy
  return ((int*)(&memcpy))[argc];
#else
  (void)argc;
  return 0;
#endif
}
Determining if the include file stdlib.h exists passed with the following output:
Change Dir: /work/build-vtk-wasm-2/CMakeFiles/CMakeTmp

Run Build Command(s):/usr/bin/ninja cmTC_a0721 && [1/2] Building C object CMakeFiles/cmTC_a0721.dir/CheckIncludeFile.c.o
[2/2] Linking C executable cmTC_a0721.js



Determining size of size_t passed with the following output:
Change Dir: /work/build-vtk-wasm-2/CMakeFiles/CMakeTmp

Run Build Command(s):/usr/bin/ninja cmTC_91eed && [1/2] Building C object CMakeFiles/cmTC_91eed.dir/SIZE_T.c.o
[2/2] Linking C executable cmTC_91eed.js



Performing C SOURCE FILE Test C_FLAG_Wall succeeded with the following output:
Change Dir: /work/build-vtk-wasm-2/CMakeFiles/CMakeTmp

Run Build Command(s):/usr/bin/ninja cmTC_91af2 && [1/2] Building C object CMakeFiles/cmTC_91af2.dir/src.c.o
[2/2] Linking C executable cmTC_91af2.js


Source file was:
int main(void) { return 0; }
Performing C SOURCE FILE Test C_FLAG_Winline succeeded with the following output:
Change Dir: /work/build-vtk-wasm-2/CMakeFiles/CMakeTmp

Run Build Command(s):/usr/bin/ninja cmTC_bee79 && [1/2] Building C object CMakeFiles/cmTC_bee79.dir/src.c.o
[2/2] Linking C executable cmTC_bee79.js


Source file was:
int main(void) { return 0; }
Performing C SOURCE FILE Test C_FLAG_Wformat_security succeeded with the following output:
Change Dir: /work/build-vtk-wasm-2/CMakeFiles/CMakeTmp

Run Build Command(s):/usr/bin/ninja cmTC_95248 && [1/2] Building C object CMakeFiles/cmTC_95248.dir/src.c.o
[2/2] Linking C executable cmTC_95248.js


Source file was:
int main(void) { return 0; }
Performing C SOURCE FILE Test C_FLAG_Wpointer_arith succeeded with the following output:
Change Dir: /work/build-vtk-wasm-2/CMakeFiles/CMakeTmp

Run Build Command(s):/usr/bin/ninja cmTC_30e50 && [1/2] Building C object CMakeFiles/cmTC_30e50.dir/src.c.o
[2/2] Linking C executable cmTC_30e50.js


Source file was:
int main(void) { return 0; }
Performing C SOURCE FILE Test C_FLAG_Wdisabled_optimization succeeded with the following output:
Change Dir: /work/build-vtk-wasm-2/CMakeFiles/CMakeTmp

Run Build Command(s):/usr/bin/ninja cmTC_ae57f && [1/2] Building C object CMakeFiles/cmTC_ae57f.dir/src.c.o
[2/2] Linking C executable cmTC_ae57f.js


Source file was:
int main(void) { return 0; }
Performing C SOURCE FILE Test C_FLAG_Wno_unknown_pragmas succeeded with the following output:
Change Dir: /work/build-vtk-wasm-2/CMakeFiles/CMakeTmp

Run Build Command(s):/usr/bin/ninja cmTC_5af52 && [1/2] Building C object CMakeFiles/cmTC_5af52.dir/src.c.o
[2/2] Linking C executable cmTC_5af52.js


Source file was:
int main(void) { return 0; }
Performing C SOURCE FILE Test C_FLAG_fstrict_aliasing succeeded with the following output:
Change Dir: /work/build-vtk-wasm-2/CMakeFiles/CMakeTmp

Run Build Command(s):/usr/bin/ninja cmTC_b0414 && [1/2] Building C object CMakeFiles/cmTC_b0414.dir/src.c.o
[2/2] Linking C executable cmTC_b0414.js


Source file was:
int main(void) { return 0; }
Performing C SOURCE FILE Test HAVE_LD_VERSION_SCRIPT succeeded with the following output:
Change Dir: /work/build-vtk-wasm-2/CMakeFiles/CMakeTmp

Run Build Command(s):/usr/bin/ninja cmTC_263f9 && [1/2] Building C object CMakeFiles/cmTC_263f9.dir/src.c.o
emcc: warning: argument unused during compilation: '--version-script=/work/build-vtk-wasm-2/ThirdParty/tiff/vtktiff/conftest.map' [-Wunused-command-line-argument]
[2/2] Linking C executable cmTC_263f9.js
emcc: warning: ignoring unsupported linker flag: `--version-script=/work/build-vtk-wasm-2/ThirdParty/tiff/vtktiff/conftest.map` [-Wlinkflags]


Source file was:
int main(void){return 0;}
Determining if the include file assert.h exists passed with the following output:
Change Dir: /work/build-vtk-wasm-2/CMakeFiles/CMakeTmp

Run Build Command(s):/usr/bin/ninja cmTC_5b545 && [1/2] Building C object CMakeFiles/cmTC_5b545.dir/CheckIncludeFile.c.o
[2/2] Linking C executable cmTC_5b545.js



Determining if the include file strings.h exists passed with the following output:
Change Dir: /work/build-vtk-wasm-2/CMakeFiles/CMakeTmp

Run Build Command(s):/usr/bin/ninja cmTC_44547 && [1/2] Building C object CMakeFiles/cmTC_44547.dir/CheckIncludeFile.c.o
[2/2] Linking C executable cmTC_44547.js



Determining if the include file sys/time.h exists passed with the following output:
Change Dir: /work/build-vtk-wasm-2/CMakeFiles/CMakeTmp

Run Build Command(s):/usr/bin/ninja cmTC_943d4 && [1/2] Building C object CMakeFiles/cmTC_943d4.dir/CheckIncludeFile.c.o
[2/2] Linking C executable cmTC_943d4.js



Determining if the getopt exist passed with the following output:
Change Dir: /work/build-vtk-wasm-2/CMakeFiles/CMakeTmp

Run Build Command(s):/usr/bin/ninja cmTC_63f88 && [1/2] Building C object CMakeFiles/cmTC_63f88.dir/CheckSymbolExists.c.o
[2/2] Linking C executable cmTC_63f88.js


File /work/build-vtk-wasm-2/CMakeFiles/CMakeTmp/CheckSymbolExists.c:
/* */
#include <unistd.h>
#include <stdio.h>

int main(int argc, char** argv)
{
  (void)argv;
#ifndef getopt
  return ((int*)(&getopt))[argc];
#else
  (void)argc;
  return 0;
#endif
}
Determining if the optarg exist passed with the following output:
Change Dir: /work/build-vtk-wasm-2/CMakeFiles/CMakeTmp

Run Build Command(s):/usr/bin/ninja cmTC_45523 && [1/2] Building C object CMakeFiles/cmTC_45523.dir/CheckSymbolExists.c.o
[2/2] Linking C executable cmTC_45523.js


File /work/build-vtk-wasm-2/CMakeFiles/CMakeTmp/CheckSymbolExists.c:
/* */
#include <getopt.h>

int main(int argc, char** argv)
{
  (void)argv;
#ifndef optarg
  return ((int*)(&optarg))[argc];
#else
  (void)argc;
  return 0;
#endif
}
Determining if the mmap exist passed with the following output:
Change Dir: /work/build-vtk-wasm-2/CMakeFiles/CMakeTmp

Run Build Command(s):/usr/bin/ninja cmTC_6e5d1 && [1/2] Building C object CMakeFiles/cmTC_6e5d1.dir/CheckSymbolExists.c.o
[2/2] Linking C executable cmTC_6e5d1.js


File /work/build-vtk-wasm-2/CMakeFiles/CMakeTmp/CheckSymbolExists.c:
/* */
#include <sys/mman.h>

int main(int argc, char** argv)
{
  (void)argv;
#ifndef mmap
  return ((int*)(&mmap))[argc];
#else
  (void)argc;
  return 0;
#endif
}
Determining size of size_t passed with the following output:
Change Dir: /work/build-vtk-wasm-2/CMakeFiles/CMakeTmp

Run Build Command(s):/usr/bin/ninja cmTC_502d0 && [1/2] Building C object CMakeFiles/cmTC_502d0.dir/SIZEOF_SIZE_T.c.o
[2/2] Linking C executable cmTC_502d0.js



Determining if the pow exist passed with the following output:
Change Dir: /work/build-vtk-wasm-2/CMakeFiles/CMakeTmp

Run Build Command(s):/usr/bin/ninja cmTC_f7188 && [1/2] Building C object CMakeFiles/cmTC_f7188.dir/CheckSymbolExists.c.o
[2/2] Linking C executable cmTC_f7188.js


File /work/build-vtk-wasm-2/CMakeFiles/CMakeTmp/CheckSymbolExists.c:
/* */
#include <math.h>

int main(int argc, char** argv)
{
  (void)argv;
#ifndef pow
  return ((int*)(&pow))[argc];
#else
  (void)argc;
  return 0;
#endif
}
Performing C++ SOURCE FILE Test EIGEN_COMPILER_SUPPORT_CPP11 succeeded with the following output:
Change Dir: /work/build-vtk-wasm-2/CMakeFiles/CMakeTmp

Run Build Command(s):/usr/bin/ninja cmTC_12153 && [1/2] Building CXX object CMakeFiles/cmTC_12153.dir/src.cxx.o
[2/2] Linking CXX executable cmTC_12153.js


Source file was:
int main() { return 0; }
Performing C++ SOURCE FILE Test standard_math_library_linked_to_automatically succeeded with the following output:
Change Dir: /work/build-vtk-wasm-2/CMakeFiles/CMakeTmp

Run Build Command(s):/usr/bin/ninja cmTC_15924 && [1/2] Building CXX object CMakeFiles/cmTC_15924.dir/src.cxx.o
[2/2] Linking CXX executable cmTC_15924.js


Source file was:

#include<cmath>
int main(int argc, char **){
  return int(std::sin(double(argc)) + std::log(double(argc)));
}
Performing C++ SOURCE FILE Test COMPILER_SUPPORT_WERROR succeeded with the following output:
Change Dir: /work/build-vtk-wasm-2/CMakeFiles/CMakeTmp

Run Build Command(s):/usr/bin/ninja cmTC_25d6c && [1/2] Building CXX object CMakeFiles/cmTC_25d6c.dir/src.cxx.o
[2/2] Linking CXX executable cmTC_25d6c.js


Source file was:
int main() { return 0; }
Performing C++ SOURCE FILE Test COMPILER_SUPPORT_pedantic succeeded with the following output:
Change Dir: /work/build-vtk-wasm-2/CMakeFiles/CMakeTmp

Run Build Command(s):/usr/bin/ninja cmTC_58806 && [1/2] Building CXX object CMakeFiles/cmTC_58806.dir/src.cxx.o
[2/2] Linking CXX executable cmTC_58806.js


Source file was:
int main() { return 0; }
Performing C++ SOURCE FILE Test COMPILER_SUPPORT_Wall succeeded with the following output:
Change Dir: /work/build-vtk-wasm-2/CMakeFiles/CMakeTmp

Run Build Command(s):/usr/bin/ninja cmTC_60655 && [1/2] Building CXX object CMakeFiles/cmTC_60655.dir/src.cxx.o
[2/2] Linking CXX executable cmTC_60655.js


Source file was:
int main() { return 0; }
Performing C++ SOURCE FILE Test COMPILER_SUPPORT_Wextra succeeded with the following output:
Change Dir: /work/build-vtk-wasm-2/CMakeFiles/CMakeTmp

Run Build Command(s):/usr/bin/ninja cmTC_a8937 && [1/2] Building CXX object CMakeFiles/cmTC_a8937.dir/src.cxx.o
[2/2] Linking CXX executable cmTC_a8937.js


Source file was:
int main() { return 0; }
Performing C++ SOURCE FILE Test COMPILER_SUPPORT_Wundef succeeded with the following output:
Change Dir: /work/build-vtk-wasm-2/CMakeFiles/CMakeTmp

Run Build Command(s):/usr/bin/ninja cmTC_d9181 && [1/2] Building CXX object CMakeFiles/cmTC_d9181.dir/src.cxx.o
[2/2] Linking CXX executable cmTC_d9181.js


Source file was:
int main() { return 0; }
Performing C++ SOURCE FILE Test COMPILER_SUPPORT_Wcastalign succeeded with the following output:
Change Dir: /work/build-vtk-wasm-2/CMakeFiles/CMakeTmp

Run Build Command(s):/usr/bin/ninja cmTC_4d9b6 && [1/2] Building CXX object CMakeFiles/cmTC_4d9b6.dir/src.cxx.o
[2/2] Linking CXX executable cmTC_4d9b6.js


Source file was:
int main() { return 0; }
Performing C++ SOURCE FILE Test COMPILER_SUPPORT_Wcharsubscripts succeeded with the following output:
Change Dir: /work/build-vtk-wasm-2/CMakeFiles/CMakeTmp

Run Build Command(s):/usr/bin/ninja cmTC_940dc && [1/2] Building CXX object CMakeFiles/cmTC_940dc.dir/src.cxx.o
[2/2] Linking CXX executable cmTC_940dc.js


Source file was:
int main() { return 0; }
Performing C++ SOURCE FILE Test COMPILER_SUPPORT_Wnonvirtualdtor succeeded with the following output:
Change Dir: /work/build-vtk-wasm-2/CMakeFiles/CMakeTmp

Run Build Command(s):/usr/bin/ninja cmTC_f8360 && [1/2] Building CXX object CMakeFiles/cmTC_f8360.dir/src.cxx.o
[2/2] Linking CXX executable cmTC_f8360.js


Source file was:
int main() { return 0; }
Performing C++ SOURCE FILE Test COMPILER_SUPPORT_Wunusedlocaltypedefs succeeded with the following output:
Change Dir: /work/build-vtk-wasm-2/CMakeFiles/CMakeTmp

Run Build Command(s):/usr/bin/ninja cmTC_10d41 && [1/2] Building CXX object CMakeFiles/cmTC_10d41.dir/src.cxx.o
[2/2] Linking CXX executable cmTC_10d41.js


Source file was:
int main() { return 0; }
Performing C++ SOURCE FILE Test COMPILER_SUPPORT_Wpointerarith succeeded with the following output:
Change Dir: /work/build-vtk-wasm-2/CMakeFiles/CMakeTmp

Run Build Command(s):/usr/bin/ninja cmTC_6fae4 && [1/2] Building CXX object CMakeFiles/cmTC_6fae4.dir/src.cxx.o
[2/2] Linking CXX executable cmTC_6fae4.js


Source file was:
int main() { return 0; }
Performing C++ SOURCE FILE Test COMPILER_SUPPORT_Wwritestrings succeeded with the following output:
Change Dir: /work/build-vtk-wasm-2/CMakeFiles/CMakeTmp

Run Build Command(s):/usr/bin/ninja cmTC_c4192 && [1/2] Building CXX object CMakeFiles/cmTC_c4192.dir/src.cxx.o
[2/2] Linking CXX executable cmTC_c4192.js


Source file was:
int main() { return 0; }
Performing C++ SOURCE FILE Test COMPILER_SUPPORT_Wformatsecurity succeeded with the following output:
Change Dir: /work/build-vtk-wasm-2/CMakeFiles/CMakeTmp

Run Build Command(s):/usr/bin/ninja cmTC_403a5 && [1/2] Building CXX object CMakeFiles/cmTC_403a5.dir/src.cxx.o
[2/2] Linking CXX executable cmTC_403a5.js


Source file was:
int main() { return 0; }
Performing C++ SOURCE FILE Test COMPILER_SUPPORT_Wshorten64to32 succeeded with the following output:
Change Dir: /work/build-vtk-wasm-2/CMakeFiles/CMakeTmp

Run Build Command(s):/usr/bin/ninja cmTC_71020 && [1/2] Building CXX object CMakeFiles/cmTC_71020.dir/src.cxx.o
[2/2] Linking CXX executable cmTC_71020.js


Source file was:
int main() { return 0; }
Performing C++ SOURCE FILE Test COMPILER_SUPPORT_Wenumconversion succeeded with the following output:
Change Dir: /work/build-vtk-wasm-2/CMakeFiles/CMakeTmp

Run Build Command(s):/usr/bin/ninja cmTC_6b145 && [1/2] Building CXX object CMakeFiles/cmTC_6b145.dir/src.cxx.o
[2/2] Linking CXX executable cmTC_6b145.js


Source file was:
int main() { return 0; }
Performing C++ SOURCE FILE Test COMPILER_SUPPORT_Wcpp11extensions succeeded with the following output:
Change Dir: /work/build-vtk-wasm-2/CMakeFiles/CMakeTmp

Run Build Command(s):/usr/bin/ninja cmTC_6e6a6 && [1/2] Building CXX object CMakeFiles/cmTC_6e6a6.dir/src.cxx.o
[2/2] Linking CXX executable cmTC_6e6a6.js


Source file was:
int main() { return 0; }
Performing C++ SOURCE FILE Test COMPILER_SUPPORT_Wdoublepromotion succeeded with the following output:
Change Dir: /work/build-vtk-wasm-2/CMakeFiles/CMakeTmp

Run Build Command(s):/usr/bin/ninja cmTC_ab103 && [1/2] Building CXX object CMakeFiles/cmTC_ab103.dir/src.cxx.o
[2/2] Linking CXX executable cmTC_ab103.js


Source file was:
int main() { return 0; }
Performing C++ SOURCE FILE Test COMPILER_SUPPORT_Wshadow succeeded with the following output:
Change Dir: /work/build-vtk-wasm-2/CMakeFiles/CMakeTmp

Run Build Command(s):/usr/bin/ninja cmTC_9620c && [1/2] Building CXX object CMakeFiles/cmTC_9620c.dir/src.cxx.o
[2/2] Linking CXX executable cmTC_9620c.js


Source file was:
int main() { return 0; }
Performing C++ SOURCE FILE Test COMPILER_SUPPORT_Wnopsabi succeeded with the following output:
Change Dir: /work/build-vtk-wasm-2/CMakeFiles/CMakeTmp

Run Build Command(s):/usr/bin/ninja cmTC_4e9b6 && [1/2] Building CXX object CMakeFiles/cmTC_4e9b6.dir/src.cxx.o
[2/2] Linking CXX executable cmTC_4e9b6.js


Source file was:
int main() { return 0; }
Performing C++ SOURCE FILE Test COMPILER_SUPPORT_Wnovariadicmacros succeeded with the following output:
Change Dir: /work/build-vtk-wasm-2/CMakeFiles/CMakeTmp

Run Build Command(s):/usr/bin/ninja cmTC_ae8a6 && [1/2] Building CXX object CMakeFiles/cmTC_ae8a6.dir/src.cxx.o
[2/2] Linking CXX executable cmTC_ae8a6.js


Source file was:
int main() { return 0; }
Performing C++ SOURCE FILE Test COMPILER_SUPPORT_Wnolonglong succeeded with the following output:
Change Dir: /work/build-vtk-wasm-2/CMakeFiles/CMakeTmp

Run Build Command(s):/usr/bin/ninja cmTC_c548a && [1/2] Building CXX object CMakeFiles/cmTC_c548a.dir/src.cxx.o
[2/2] Linking CXX executable cmTC_c548a.js


Source file was:
int main() { return 0; }
Performing C++ SOURCE FILE Test COMPILER_SUPPORT_fnochecknew succeeded with the following output:
Change Dir: /work/build-vtk-wasm-2/CMakeFiles/CMakeTmp

Run Build Command(s):/usr/bin/ninja cmTC_1c0af && [1/2] Building CXX object CMakeFiles/cmTC_1c0af.dir/src.cxx.o
[2/2] Linking CXX executable cmTC_1c0af.js


Source file was:
int main() { return 0; }
Performing C++ SOURCE FILE Test COMPILER_SUPPORT_fnocommon succeeded with the following output:
Change Dir: /work/build-vtk-wasm-2/CMakeFiles/CMakeTmp

Run Build Command(s):/usr/bin/ninja cmTC_ba487 && [1/2] Building CXX object CMakeFiles/cmTC_ba487.dir/src.cxx.o
[2/2] Linking CXX executable cmTC_ba487.js


Source file was:
int main() { return 0; }
Performing C++ SOURCE FILE Test COMPILER_SUPPORT_fstrictaliasing succeeded with the following output:
Change Dir: /work/build-vtk-wasm-2/CMakeFiles/CMakeTmp

Run Build Command(s):/usr/bin/ninja cmTC_e1591 && [1/2] Building CXX object CMakeFiles/cmTC_e1591.dir/src.cxx.o
[2/2] Linking CXX executable cmTC_e1591.js


Source file was:
int main() { return 0; }
Performing C++ SOURCE FILE Test COMPILER_SUPPORT_Qunusedarguments succeeded with the following output:
Change Dir: /work/build-vtk-wasm-2/CMakeFiles/CMakeTmp

Run Build Command(s):/usr/bin/ninja cmTC_f54e2 && [1/2] Building CXX object CMakeFiles/cmTC_f54e2.dir/src.cxx.o
[2/2] Linking CXX executable cmTC_f54e2.js


Source file was:
int main() { return 0; }
Performing C++ SOURCE FILE Test COMPILER_SUPPORT_ansi succeeded with the following output:
Change Dir: /work/build-vtk-wasm-2/CMakeFiles/CMakeTmp

Run Build Command(s):/usr/bin/ninja cmTC_2c547 && [1/2] Building CXX object CMakeFiles/cmTC_2c547.dir/src.cxx.o
[2/2] Linking CXX executable cmTC_2c547.js


Source file was:
int main() { return 0; }
Performing C++ SOURCE FILE Test COMPILER_SUPPORT_OPENMP succeeded with the following output:
Change Dir: /work/build-vtk-wasm-2/CMakeFiles/CMakeTmp

Run Build Command(s):/usr/bin/ninja cmTC_60d70 && [1/2] Building CXX object CMakeFiles/cmTC_60d70.dir/src.cxx.o
[2/2] Linking CXX executable cmTC_60d70.js


Source file was:
int main() { return 0; }
Determining if the include file byteswap.h exists passed with the following output:
Change Dir: /work/build-vtk-wasm-2/CMakeFiles/CMakeTmp

Run Build Command(s):/usr/bin/ninja cmTC_aa755 && [1/2] Building C object CMakeFiles/cmTC_aa755.dir/CheckIncludeFile.c.o
[2/2] Linking C executable cmTC_aa755.js



Determining if the include file inttypes.h exists passed with the following output:
Change Dir: /work/build-vtk-wasm-2/CMakeFiles/CMakeTmp

Run Build Command(s):/usr/bin/ninja cmTC_f1f91 && [1/2] Building C object CMakeFiles/cmTC_f1f91.dir/CheckIncludeFile.c.o
[2/2] Linking C executable cmTC_f1f91.js



Determining if the include file limits.h exists passed with the following output:
Change Dir: /work/build-vtk-wasm-2/CMakeFiles/CMakeTmp

Run Build Command(s):/usr/bin/ninja cmTC_fef3e && [1/2] Building C object CMakeFiles/cmTC_fef3e.dir/CheckIncludeFile.c.o
[2/2] Linking C executable cmTC_fef3e.js



Determining if the include file stdbool.h exists passed with the following output:
Change Dir: /work/build-vtk-wasm-2/CMakeFiles/CMakeTmp

Run Build Command(s):/usr/bin/ninja cmTC_e0deb && [1/2] Building C object CMakeFiles/cmTC_e0deb.dir/CheckIncludeFile.c.o
[2/2] Linking C executable cmTC_e0deb.js



Determining if the include file string.h exists passed with the following output:
Change Dir: /work/build-vtk-wasm-2/CMakeFiles/CMakeTmp

Run Build Command(s):/usr/bin/ninja cmTC_9d2a4 && [1/2] Building C object CMakeFiles/cmTC_9d2a4.dir/CheckIncludeFile.c.o
[2/2] Linking C executable cmTC_9d2a4.js



Determining if the include file memory.h exists passed with the following output:
Change Dir: /work/build-vtk-wasm-2/CMakeFiles/CMakeTmp

Run Build Command(s):/usr/bin/ninja cmTC_ce0dd && [1/2] Building C object CMakeFiles/cmTC_ce0dd.dir/CheckIncludeFile.c.o
[2/2] Linking C executable cmTC_ce0dd.js



Determining size of int16_t passed with the following output:
Change Dir: /work/build-vtk-wasm-2/CMakeFiles/CMakeTmp

Run Build Command(s):/usr/bin/ninja cmTC_7cfa0 && [1/2] Building C object CMakeFiles/cmTC_7cfa0.dir/INT16_T.c.o
[2/2] Linking C executable cmTC_7cfa0.js



Determining size of int32_t passed with the following output:
Change Dir: /work/build-vtk-wasm-2/CMakeFiles/CMakeTmp

Run Build Command(s):/usr/bin/ninja cmTC_72cf1 && [1/2] Building C object CMakeFiles/cmTC_72cf1.dir/INT32_T.c.o
[2/2] Linking C executable cmTC_72cf1.js



Determining size of int64_t passed with the following output:
Change Dir: /work/build-vtk-wasm-2/CMakeFiles/CMakeTmp

Run Build Command(s):/usr/bin/ninja cmTC_fd690 && [1/2] Building C object CMakeFiles/cmTC_fd690.dir/INT64_T.c.o
[2/2] Linking C executable cmTC_fd690.js



Determining size of intmax_t passed with the following output:
Change Dir: /work/build-vtk-wasm-2/CMakeFiles/CMakeTmp

Run Build Command(s):/usr/bin/ninja cmTC_fc6dd && [1/2] Building C object CMakeFiles/cmTC_fc6dd.dir/INTMAX_T.c.o
[2/2] Linking C executable cmTC_fc6dd.js



Determining size of uint8_t passed with the following output:
Change Dir: /work/build-vtk-wasm-2/CMakeFiles/CMakeTmp

Run Build Command(s):/usr/bin/ninja cmTC_ff3d4 && [1/2] Building C object CMakeFiles/cmTC_ff3d4.dir/UINT8_T.c.o
[2/2] Linking C executable cmTC_ff3d4.js



Determining size of uint16_t passed with the following output:
Change Dir: /work/build-vtk-wasm-2/CMakeFiles/CMakeTmp

Run Build Command(s):/usr/bin/ninja cmTC_6e01a && [1/2] Building C object CMakeFiles/cmTC_6e01a.dir/UINT16_T.c.o
[2/2] Linking C executable cmTC_6e01a.js



Determining size of uint32_t passed with the following output:
Change Dir: /work/build-vtk-wasm-2/CMakeFiles/CMakeTmp

Run Build Command(s):/usr/bin/ninja cmTC_70c85 && [1/2] Building C object CMakeFiles/cmTC_70c85.dir/UINT32_T.c.o
[2/2] Linking C executable cmTC_70c85.js



Determining size of uint64_t passed with the following output:
Change Dir: /work/build-vtk-wasm-2/CMakeFiles/CMakeTmp

Run Build Command(s):/usr/bin/ninja cmTC_72c9d && [1/2] Building C object CMakeFiles/cmTC_72c9d.dir/UINT64_T.c.o
[2/2] Linking C executable cmTC_72c9d.js



Determining size of uintmax_t passed with the following output:
Change Dir: /work/build-vtk-wasm-2/CMakeFiles/CMakeTmp

Run Build Command(s):/usr/bin/ninja cmTC_84711 && [1/2] Building C object CMakeFiles/cmTC_84711.dir/UINTMAX_T.c.o
[2/2] Linking C executable cmTC_84711.js



Determining size of short passed with the following output:
Change Dir: /work/build-vtk-wasm-2/CMakeFiles/CMakeTmp

Run Build Command(s):/usr/bin/ninja cmTC_a7213 && [1/2] Building C object CMakeFiles/cmTC_a7213.dir/SIZE_OF_SHORT.c.o
[2/2] Linking C executable cmTC_a7213.js



Determining size of int passed with the following output:
Change Dir: /work/build-vtk-wasm-2/CMakeFiles/CMakeTmp

Run Build Command(s):/usr/bin/ninja cmTC_dfaf0 && [1/2] Building C object CMakeFiles/cmTC_dfaf0.dir/SIZE_OF_INT.c.o
[2/2] Linking C executable cmTC_dfaf0.js



Determining size of long passed with the following output:
Change Dir: /work/build-vtk-wasm-2/CMakeFiles/CMakeTmp

Run Build Command(s):/usr/bin/ninja cmTC_7ff38 && [1/2] Building C object CMakeFiles/cmTC_7ff38.dir/SIZE_OF_LONG.c.o
[2/2] Linking C executable cmTC_7ff38.js



Determining size of long long passed with the following output:
Change Dir: /work/build-vtk-wasm-2/CMakeFiles/CMakeTmp

Run Build Command(s):/usr/bin/ninja cmTC_afc30 && [1/2] Building C object CMakeFiles/cmTC_afc30.dir/SIZE_OF_LONG_LONG.c.o
[2/2] Linking C executable cmTC_afc30.js



Determining size of unsigned short passed with the following output:
Change Dir: /work/build-vtk-wasm-2/CMakeFiles/CMakeTmp

Run Build Command(s):/usr/bin/ninja cmTC_1eae0 && [1/2] Building C object CMakeFiles/cmTC_1eae0.dir/SIZE_OF_UNSIGNED_SHORT.c.o
[2/2] Linking C executable cmTC_1eae0.js



Determining size of unsigned passed with the following output:
Change Dir: /work/build-vtk-wasm-2/CMakeFiles/CMakeTmp

Run Build Command(s):/usr/bin/ninja cmTC_e2b7f && [1/2] Building C object CMakeFiles/cmTC_e2b7f.dir/SIZE_OF_UNSIGNED.c.o
[2/2] Linking C executable cmTC_e2b7f.js



Determining size of unsigned long passed with the following output:
Change Dir: /work/build-vtk-wasm-2/CMakeFiles/CMakeTmp

Run Build Command(s):/usr/bin/ninja cmTC_c3fe5 && [1/2] Building C object CMakeFiles/cmTC_c3fe5.dir/SIZE_OF_UNSIGNED_LONG.c.o
[2/2] Linking C executable cmTC_c3fe5.js



Determining size of unsigned long long passed with the following output:
Change Dir: /work/build-vtk-wasm-2/CMakeFiles/CMakeTmp

Run Build Command(s):/usr/bin/ninja cmTC_4b6f7 && [1/2] Building C object CMakeFiles/cmTC_4b6f7.dir/SIZE_OF_UNSIGNED_LONG_LONG.c.o
[2/2] Linking C executable cmTC_4b6f7.js



Determining size of size_t passed with the following output:
Change Dir: /work/build-vtk-wasm-2/CMakeFiles/CMakeTmp

Run Build Command(s):/usr/bin/ninja cmTC_3b10f && [1/2] Building C object CMakeFiles/cmTC_3b10f.dir/SIZE_OF_SIZE_T.c.o
[2/2] Linking C executable cmTC_3b10f.js



Determining size of uintptr_t passed with the following output:
Change Dir: /work/build-vtk-wasm-2/CMakeFiles/CMakeTmp

Run Build Command(s):/usr/bin/ninja cmTC_29456 && [1/2] Building C object CMakeFiles/cmTC_29456.dir/UINTPTR_T.c.o
[2/2] Linking C executable cmTC_29456.js



Determining if the include file dlfcn.h exists passed with the following output:
Change Dir: /work/build-vtk-wasm-2/CMakeFiles/CMakeTmp

Run Build Command(s):/usr/bin/ninja cmTC_dbd8a && [1/2] Building C object CMakeFiles/cmTC_dbd8a.dir/CheckIncludeFile.c.o
[2/2] Linking C executable cmTC_dbd8a.js



Determining if the include file sys/stat.h exists passed with the following output:
Change Dir: /work/build-vtk-wasm-2/CMakeFiles/CMakeTmp

Run Build Command(s):/usr/bin/ninja cmTC_91be5 && [1/2] Building C object CMakeFiles/cmTC_91be5.dir/CheckIncludeFile.c.o
[2/2] Linking C executable cmTC_91be5.js



Determining if the getpagesize exist passed with the following output:
Change Dir: /work/build-vtk-wasm-2/CMakeFiles/CMakeTmp

Run Build Command(s):/usr/bin/ninja cmTC_dacd9 && [1/2] Building C object CMakeFiles/cmTC_dacd9.dir/CheckSymbolExists.c.o
[2/2] Linking C executable cmTC_dacd9.js


File /work/build-vtk-wasm-2/CMakeFiles/CMakeTmp/CheckSymbolExists.c:
/* */
#include <unistd.h>

int main(int argc, char** argv)
{
  (void)argv;
#ifndef getpagesize
  return ((int*)(&getpagesize))[argc];
#else
  (void)argc;
  return 0;
#endif
}
Determining if files stdlib.h;stdarg.h;string.h;float.h exist passed with the following output:
Change Dir: /work/build-vtk-wasm-2/CMakeFiles/CMakeTmp

Run Build Command(s):/usr/bin/ninja cmTC_1ef88 && [1/2] Building C object CMakeFiles/cmTC_1ef88.dir/STDC_HEADERS.c.o
[2/2] Linking C executable cmTC_1ef88.js



Performing C SOURCE FILE Test FLAG_NO_STRICT_ALIASING succeeded with the following output:
Change Dir: /work/build-vtk-wasm-2/CMakeFiles/CMakeTmp

Run Build Command(s):/usr/bin/ninja cmTC_acb9e && [1/2] Building C object CMakeFiles/cmTC_acb9e.dir/src.c.o
[2/2] Linking C executable cmTC_acb9e.js


Source file was:
int main(void) { return 0; }
Performing C SOURCE FILE Test FLAG_VISIBILITY succeeded with the following output:
Change Dir: /work/build-vtk-wasm-2/CMakeFiles/CMakeTmp

Run Build Command(s):/usr/bin/ninja cmTC_34a28 && [1/2] Building C object CMakeFiles/cmTC_34a28.dir/src.c.o
[2/2] Linking C executable cmTC_34a28.js


Source file was:
int main(void) { return 0; }
Determining if the function cos exists in the m passed with the following output:
Change Dir: /work/build-vtk-wasm-2/CMakeFiles/CMakeTmp

Run Build Command(s):/usr/bin/ninja cmTC_0d42e && [1/2] Building C object CMakeFiles/cmTC_0d42e.dir/CheckFunctionExists.c.o
/usr/share/cmake-3.24/Modules/CheckFunctionExists.c:7:3: warning: incompatible redeclaration of library function 'cos' [-Wincompatible-library-redeclaration]
  CHECK_FUNCTION_EXISTS(void);
  ^
<command line>:2:31: note: expanded from here
#define CHECK_FUNCTION_EXISTS cos
                              ^
/usr/share/cmake-3.24/Modules/CheckFunctionExists.c:7:3: note: 'cos' is a builtin with type 'double (double)'
<command line>:2:31: note: expanded from here
#define CHECK_FUNCTION_EXISTS cos
                              ^
1 warning generated.
[2/2] Linking C executable cmTC_0d42e.js
wasm-ld: warning: function signature mismatch: cos
>>> defined as () -> i32 in CMakeFiles/cmTC_0d42e.dir/CheckFunctionExists.c.o
>>> defined as (f64) -> f64 in /emsdk/upstream/emscripten/cache/sysroot/lib/wasm32-emscripten/libc-debug.a(cos.o)



Determining if files inttypes.h exist passed with the following output:
Change Dir: /work/build-vtk-wasm-2/CMakeFiles/CMakeTmp

Run Build Command(s):/usr/bin/ninja cmTC_8fb4a && [1/2] Building C object CMakeFiles/cmTC_8fb4a.dir/INCLUDE_INTTYPES_H.c.o
[2/2] Linking C executable cmTC_8fb4a.js



Determining if files stdint.h exist passed with the following output:
Change Dir: /work/build-vtk-wasm-2/CMakeFiles/CMakeTmp

Run Build Command(s):/usr/bin/ninja cmTC_19b31 && [1/2] Building C object CMakeFiles/cmTC_19b31.dir/INCLUDE_STDINT_H.c.o
[2/2] Linking C executable cmTC_19b31.js



Determining if files sys/types.h exist passed with the following output:
Change Dir: /work/build-vtk-wasm-2/CMakeFiles/CMakeTmp

Run Build Command(s):/usr/bin/ninja cmTC_f9ae9 && [1/2] Building C object CMakeFiles/cmTC_f9ae9.dir/INCLUDE_SYS_TYPES_H.c.o
[2/2] Linking C executable cmTC_f9ae9.js



Determining size of int16_t passed with the following output:
Change Dir: /work/build-vtk-wasm-2/CMakeFiles/CMakeTmp

Run Build Command(s):/usr/bin/ninja cmTC_a397e && [1/2] Building C object CMakeFiles/cmTC_a397e.dir/INT16_SIZE.c.o
[2/2] Linking C executable cmTC_a397e.js



Determining size of uint16_t passed with the following output:
Change Dir: /work/build-vtk-wasm-2/CMakeFiles/CMakeTmp

Run Build Command(s):/usr/bin/ninja cmTC_400a9 && [1/2] Building C object CMakeFiles/cmTC_400a9.dir/UINT16_SIZE.c.o
[2/2] Linking C executable cmTC_400a9.js



Determining size of u_int16_t passed with the following output:
Change Dir: /work/build-vtk-wasm-2/CMakeFiles/CMakeTmp

Run Build Command(s):/usr/bin/ninja cmTC_d6ae1 && [1/2] Building C object CMakeFiles/cmTC_d6ae1.dir/U_INT16_SIZE.c.o
[2/2] Linking C executable cmTC_d6ae1.js



Determining size of int32_t passed with the following output:
Change Dir: /work/build-vtk-wasm-2/CMakeFiles/CMakeTmp

Run Build Command(s):/usr/bin/ninja cmTC_a2c70 && [1/2] Building C object CMakeFiles/cmTC_a2c70.dir/INT32_SIZE.c.o
[2/2] Linking C executable cmTC_a2c70.js



Determining size of uint32_t passed with the following output:
Change Dir: /work/build-vtk-wasm-2/CMakeFiles/CMakeTmp

Run Build Command(s):/usr/bin/ninja cmTC_cd1b4 && [1/2] Building C object CMakeFiles/cmTC_cd1b4.dir/UINT32_SIZE.c.o
[2/2] Linking C executable cmTC_cd1b4.js



Determining size of u_int32_t passed with the following output:
Change Dir: /work/build-vtk-wasm-2/CMakeFiles/CMakeTmp

Run Build Command(s):/usr/bin/ninja cmTC_a03cb && [1/2] Building C object CMakeFiles/cmTC_a03cb.dir/U_INT32_SIZE.c.o
[2/2] Linking C executable cmTC_a03cb.js



Determining size of int64_t passed with the following output:
Change Dir: /work/build-vtk-wasm-2/CMakeFiles/CMakeTmp

Run Build Command(s):/usr/bin/ninja cmTC_24a17 && [1/2] Building C object CMakeFiles/cmTC_24a17.dir/INT64_SIZE.c.o
[2/2] Linking C executable cmTC_24a17.js



Determining size of short passed with the following output:
Change Dir: /work/build-vtk-wasm-2/CMakeFiles/CMakeTmp

Run Build Command(s):/usr/bin/ninja cmTC_39b59 && [1/2] Building C object CMakeFiles/cmTC_39b59.dir/SHORT_SIZE.c.o
[2/2] Linking C executable cmTC_39b59.js



Determining size of int passed with the following output:
Change Dir: /work/build-vtk-wasm-2/CMakeFiles/CMakeTmp

Run Build Command(s):/usr/bin/ninja cmTC_b6290 && [1/2] Building C object CMakeFiles/cmTC_b6290.dir/INT_SIZE.c.o
[2/2] Linking C executable cmTC_b6290.js



Determining size of long passed with the following output:
Change Dir: /work/build-vtk-wasm-2/CMakeFiles/CMakeTmp

Run Build Command(s):/usr/bin/ninja cmTC_0edc3 && [1/2] Building C object CMakeFiles/cmTC_0edc3.dir/LONG_SIZE.c.o
[2/2] Linking C executable cmTC_0edc3.js



Determining size of long long passed with the following output:
Change Dir: /work/build-vtk-wasm-2/CMakeFiles/CMakeTmp

Run Build Command(s):/usr/bin/ninja cmTC_3fc45 && [1/2] Building C object CMakeFiles/cmTC_3fc45.dir/LONG_LONG_SIZE.c.o
[2/2] Linking C executable cmTC_3fc45.js



Performing C SOURCE FILE Test have_flag_logical-op-parentheses succeeded with the following output:
Change Dir: /work/build-vtk-wasm-2/CMakeFiles/CMakeTmp

Run Build Command(s):/usr/bin/ninja cmTC_baf9b && [1/2] Building C object CMakeFiles/cmTC_baf9b.dir/src.c.o
In file included from <built-in>:336:
<command line>:2:26: warning: ISO C99 requires whitespace after the macro name [-Wc99-extensions]
#define have_flag_logical-op-parentheses 1
                         ^
1 warning generated.
[2/2] Linking C executable cmTC_baf9b.js


Source file was:
int main(void) { return 0; }
Performing C SOURCE FILE Test have_flag_parentheses succeeded with the following output:
Change Dir: /work/build-vtk-wasm-2/CMakeFiles/CMakeTmp

Run Build Command(s):/usr/bin/ninja cmTC_1f48a && [1/2] Building C object CMakeFiles/cmTC_1f48a.dir/src.c.o
[2/2] Linking C executable cmTC_1f48a.js


Source file was:
int main(void) { return 0; }
Performing C SOURCE FILE Test have_flag_shift-op-parentheses succeeded with the following output:
Change Dir: /work/build-vtk-wasm-2/CMakeFiles/CMakeTmp

Run Build Command(s):/usr/bin/ninja cmTC_abb47 && [1/2] Building C object CMakeFiles/cmTC_abb47.dir/src.c.o
In file included from <built-in>:336:
<command line>:2:24: warning: ISO C99 requires whitespace after the macro name [-Wc99-extensions]
#define have_flag_shift-op-parentheses 1
                       ^
1 warning generated.
[2/2] Linking C executable cmTC_abb47.js


Source file was:
int main(void) { return 0; }
Performing C SOURCE FILE Test have_flag_tautological-compare succeeded with the following output:
Change Dir: /work/build-vtk-wasm-2/CMakeFiles/CMakeTmp

Run Build Command(s):/usr/bin/ninja cmTC_95da6 && [1/2] Building C object CMakeFiles/cmTC_95da6.dir/src.c.o
In file included from <built-in>:336:
<command line>:2:31: warning: ISO C99 requires whitespace after the macro name [-Wc99-extensions]
#define have_flag_tautological-compare 1
                              ^
1 warning generated.
[2/2] Linking C executable cmTC_95da6.js


Source file was:
int main(void) { return 0; }
Performing C SOURCE FILE Test HAVE_ATTRIBUTE_DESTRUCTOR succeeded with the following output:
Change Dir: /work/build-vtk-wasm-2/CMakeFiles/CMakeTmp

Run Build Command(s):/usr/bin/ninja cmTC_f2b03 && [1/2] Building C object CMakeFiles/cmTC_f2b03.dir/src.c.o
[2/2] Linking C executable cmTC_f2b03.js


Source file was:

		void __attribute__((destructor))
		f(void) {}
		int main(void) { return 0; }
	
Performing C SOURCE FILE Test GETHOSTBYNAME_ARG_CAST_CONST succeeded with the following output:
Change Dir: /work/build-vtk-wasm-2/CMakeFiles/CMakeTmp

Run Build Command(s):/usr/bin/ninja cmTC_273d2 && [1/2] Building C object CMakeFiles/cmTC_273d2.dir/src.c.o
[2/2] Linking C executable cmTC_273d2.js


Source file was:

		#include <netdb.h>
		int main() { (void) gethostbyname((const char*) ""); return 0; }
	
Determining if files arpa/inet.h exist passed with the following output:
Change Dir: /work/build-vtk-wasm-2/CMakeFiles/CMakeTmp

Run Build Command(s):/usr/bin/ninja cmTC_4547e && [1/2] Building C object CMakeFiles/cmTC_4547e.dir/HAVE_ARPA_INET_H.c.o
[2/2] Linking C executable cmTC_4547e.js



Determining if files arpa/nameser.h exist passed with the following output:
Change Dir: /work/build-vtk-wasm-2/CMakeFiles/CMakeTmp

Run Build Command(s):/usr/bin/ninja cmTC_0d3db && [1/2] Building C object CMakeFiles/cmTC_0d3db.dir/HAVE_ARPA_NAMESER_H.c.o
[2/2] Linking C executable cmTC_0d3db.js



Performing C SOURCE FILE Test HAVE_SS_FAMILY succeeded with the following output:
Change Dir: /work/build-vtk-wasm-2/CMakeFiles/CMakeTmp

Run Build Command(s):/usr/bin/ninja cmTC_2adef && [1/2] Building C object CMakeFiles/cmTC_2adef.dir/src.c.o
[2/2] Linking C executable cmTC_2adef.js


Source file was:

#include <sys/socket.h>
#include <sys/types.h>

int main()
{
  (void)sizeof(((struct sockaddr_storage *)0)->ss_family);
  return 0;
}

Determining if the function dlopen exists in the dl passed with the following output:
Change Dir: /work/build-vtk-wasm-2/CMakeFiles/CMakeTmp

Run Build Command(s):/usr/bin/ninja cmTC_7a322 && [1/2] Building C object CMakeFiles/cmTC_7a322.dir/CheckFunctionExists.c.o
[2/2] Linking C executable cmTC_7a322.js
wasm-ld: warning: function signature mismatch: dlopen
>>> defined as () -> i32 in CMakeFiles/cmTC_7a322.dir/CheckFunctionExists.c.o
>>> defined as (i32, i32) -> i32 in /emsdk/upstream/emscripten/cache/sysroot/lib/wasm32-emscripten/libc-debug.a(dynlink.o)



Determining if the function ftime exists passed with the following output:
Change Dir: /work/build-vtk-wasm-2/CMakeFiles/CMakeTmp

Run Build Command(s):/usr/bin/ninja cmTC_053a0 && [1/2] Building C object CMakeFiles/cmTC_053a0.dir/CheckFunctionExists.c.o
[2/2] Linking C executable cmTC_053a0.js
wasm-ld: warning: function signature mismatch: ftime
>>> defined as () -> i32 in CMakeFiles/cmTC_053a0.dir/CheckFunctionExists.c.o
>>> defined as (i32) -> i32 in /emsdk/upstream/emscripten/cache/sysroot/lib/wasm32-emscripten/libc-debug.a(ftime.o)



Determining if the function getaddrinfo exists passed with the following output:
Change Dir: /work/build-vtk-wasm-2/CMakeFiles/CMakeTmp

Run Build Command(s):/usr/bin/ninja cmTC_5354d && [1/2] Building C object CMakeFiles/cmTC_5354d.dir/CheckFunctionExists.c.o
[2/2] Linking C executable cmTC_5354d.js



Determining if the function gettimeofday exists passed with the following output:
Change Dir: /work/build-vtk-wasm-2/CMakeFiles/CMakeTmp

Run Build Command(s):/usr/bin/ninja cmTC_f666e && [1/2] Building C object CMakeFiles/cmTC_f666e.dir/CheckFunctionExists.c.o
[2/2] Linking C executable cmTC_f666e.js
wasm-ld: warning: function signature mismatch: gettimeofday
>>> defined as () -> i32 in CMakeFiles/cmTC_f666e.dir/CheckFunctionExists.c.o
>>> defined as (i32, i32) -> i32 in /emsdk/upstream/emscripten/cache/sysroot/lib/wasm32-emscripten/libc-debug.a(emscripten_time.o)



Determining if the function isascii exists passed with the following output:
Change Dir: /work/build-vtk-wasm-2/CMakeFiles/CMakeTmp

Run Build Command(s):/usr/bin/ninja cmTC_33806 && [1/2] Building C object CMakeFiles/cmTC_33806.dir/CheckFunctionExists.c.o
[2/2] Linking C executable cmTC_33806.js
wasm-ld: warning: function signature mismatch: isascii
>>> defined as () -> i32 in CMakeFiles/cmTC_33806.dir/CheckFunctionExists.c.o
>>> defined as (i32) -> i32 in /emsdk/upstream/emscripten/cache/sysroot/lib/wasm32-emscripten/libc-debug.a(isascii.o)



Determining if the function munmap exists passed with the following output:
Change Dir: /work/build-vtk-wasm-2/CMakeFiles/CMakeTmp

Run Build Command(s):/usr/bin/ninja cmTC_0937b && [1/2] Building C object CMakeFiles/cmTC_0937b.dir/CheckFunctionExists.c.o
[2/2] Linking C executable cmTC_0937b.js
wasm-ld: warning: function signature mismatch: munmap
>>> defined as () -> i32 in CMakeFiles/cmTC_0937b.dir/CheckFunctionExists.c.o
>>> defined as (i32, i32) -> i32 in /emsdk/upstream/emscripten/cache/sysroot/lib/wasm32-emscripten/libc-debug.a(munmap.o)



Determining if files netdb.h exist passed with the following output:
Change Dir: /work/build-vtk-wasm-2/CMakeFiles/CMakeTmp

Run Build Command(s):/usr/bin/ninja cmTC_a0e41 && [1/2] Building C object CMakeFiles/cmTC_a0e41.dir/HAVE_NETDB_H.c.o
[2/2] Linking C executable cmTC_a0e41.js



Determining if files netinet/in.h exist passed with the following output:
Change Dir: /work/build-vtk-wasm-2/CMakeFiles/CMakeTmp

Run Build Command(s):/usr/bin/ninja cmTC_4666c && [1/2] Building C object CMakeFiles/cmTC_4666c.dir/HAVE_NETINET_IN_H.c.o
[2/2] Linking C executable cmTC_4666c.js



Determining if files poll.h exist passed with the following output:
Change Dir: /work/build-vtk-wasm-2/CMakeFiles/CMakeTmp

Run Build Command(s):/usr/bin/ninja cmTC_cc23b && [1/2] Building C object CMakeFiles/cmTC_cc23b.dir/HAVE_POLL_H.c.o
[2/2] Linking C executable cmTC_cc23b.js



Determining if the function putenv exists passed with the following output:
Change Dir: /work/build-vtk-wasm-2/CMakeFiles/CMakeTmp

Run Build Command(s):/usr/bin/ninja cmTC_bdc99 && [1/2] Building C object CMakeFiles/cmTC_bdc99.dir/CheckFunctionExists.c.o
[2/2] Linking C executable cmTC_bdc99.js
wasm-ld: warning: function signature mismatch: putenv
>>> defined as () -> i32 in CMakeFiles/cmTC_bdc99.dir/CheckFunctionExists.c.o
>>> defined as (i32) -> i32 in /emsdk/upstream/emscripten/cache/sysroot/lib/wasm32-emscripten/libc-debug.a(putenv.o)



Determining if the function rand_r exists passed with the following output:
Change Dir: /work/build-vtk-wasm-2/CMakeFiles/CMakeTmp

Run Build Command(s):/usr/bin/ninja cmTC_00748 && [1/2] Building C object CMakeFiles/cmTC_00748.dir/CheckFunctionExists.c.o
[2/2] Linking C executable cmTC_00748.js
wasm-ld: warning: function signature mismatch: rand_r
>>> defined as () -> i32 in CMakeFiles/cmTC_00748.dir/CheckFunctionExists.c.o
>>> defined as (i32) -> i32 in /emsdk/upstream/emscripten/cache/sysroot/lib/wasm32-emscripten/libc-debug.a(rand_r.o)



Determining if files resolv.h exist passed with the following output:
Change Dir: /work/build-vtk-wasm-2/CMakeFiles/CMakeTmp

Run Build Command(s):/usr/bin/ninja cmTC_03940 && [1/2] Building C object CMakeFiles/cmTC_03940.dir/HAVE_RESOLV_H.c.o
[2/2] Linking C executable cmTC_03940.js



Determining if the function stat exists passed with the following output:
Change Dir: /work/build-vtk-wasm-2/CMakeFiles/CMakeTmp

Run Build Command(s):/usr/bin/ninja cmTC_6ec24 && [1/2] Building C object CMakeFiles/cmTC_6ec24.dir/CheckFunctionExists.c.o
[2/2] Linking C executable cmTC_6ec24.js
wasm-ld: warning: function signature mismatch: stat
>>> defined as () -> i32 in CMakeFiles/cmTC_6ec24.dir/CheckFunctionExists.c.o
>>> defined as (i32, i32) -> i32 in /emsdk/upstream/emscripten/cache/sysroot/lib/wasm32-emscripten/libc-debug.a(stat.o)



Determining if files sys/mman.h exist passed with the following output:
Change Dir: /work/build-vtk-wasm-2/CMakeFiles/CMakeTmp

Run Build Command(s):/usr/bin/ninja cmTC_92043 && [1/2] Building C object CMakeFiles/cmTC_92043.dir/HAVE_SYS_MMAN_H.c.o
[2/2] Linking C executable cmTC_92043.js



Determining if files sys/select.h exist passed with the following output:
Change Dir: /work/build-vtk-wasm-2/CMakeFiles/CMakeTmp

Run Build Command(s):/usr/bin/ninja cmTC_b0312 && [1/2] Building C object CMakeFiles/cmTC_b0312.dir/HAVE_SYS_SELECT_H.c.o
[2/2] Linking C executable cmTC_b0312.js



Determining if files sys/socket.h exist passed with the following output:
Change Dir: /work/build-vtk-wasm-2/CMakeFiles/CMakeTmp

Run Build Command(s):/usr/bin/ninja cmTC_e82ba && [1/2] Building C object CMakeFiles/cmTC_e82ba.dir/HAVE_SYS_SOCKET_H.c.o
[2/2] Linking C executable cmTC_e82ba.js



Determining if files sys/timeb.h exist passed with the following output:
Change Dir: /work/build-vtk-wasm-2/CMakeFiles/CMakeTmp

Run Build Command(s):/usr/bin/ninja cmTC_37188 && [1/2] Building C object CMakeFiles/cmTC_37188.dir/HAVE_SYS_TIMEB_H.c.o
[2/2] Linking C executable cmTC_37188.js



Performing C SOURCE FILE Test SEND_ARG2_CAST_CONST succeeded with the following output:
Change Dir: /work/build-vtk-wasm-2/CMakeFiles/CMakeTmp

Run Build Command(s):/usr/bin/ninja cmTC_d51fc && [1/2] Building C object CMakeFiles/cmTC_d51fc.dir/src.c.o
[2/2] Linking C executable cmTC_d51fc.js


Source file was:

		#include <sys/socket.h>
		#include <sys/types.h>
		int main() { (void) send(1, (const char*) "", 1, 1); return 0; }
	
Performing C SOURCE FILE Test VA_LIST_IS_ARRAY_TEST succeeded with the following output:
Change Dir: /work/build-vtk-wasm-2/CMakeFiles/CMakeTmp

Run Build Command(s):/usr/bin/ninja cmTC_2a949 && [1/2] Building C object CMakeFiles/cmTC_2a949.dir/src.c.o
[2/2] Linking C executable cmTC_2a949.js


Source file was:

		#include <stdarg.h>
		void a(va_list* ap) {};
		int main() { va_list ap1, ap2; a(&ap1); ap2 = (va_list) ap1; return 0; }
	
Performing C SOURCE FILE Test XML_SOCKLEN_T_SOCKLEN_T succeeded with the following output:
Change Dir: /work/build-vtk-wasm-2/CMakeFiles/CMakeTmp

Run Build Command(s):/usr/bin/ninja cmTC_57431 && [1/2] Building C object CMakeFiles/cmTC_57431.dir/src.c.o
[2/2] Linking C executable cmTC_57431.js


Source file was:

		#include <stddef.h>
		#include <sys/socket.h>
		#include <sys/types.h>
		int main() { (void) getsockopt(1, 1, 1, NULL, (socklen_t*) NULL); return 0; }
	
